
          -------------------------------------------------------
          Amber 24 SANDER                              2024
          -------------------------------------------------------

| Run on 03/19/2025 at 01:02:20

|   Executable path: sander
| Working directory: /home/victormello/Git/RuvB_Energetics/AmberScripts
|          Hostname: Unknown
  [-O]verwriting output

File Assignments:
|  MDIN: one_cycle.in                                                          
| MDOUT: ../data/amber/sander/s0-At2_C.min.full.out                            
|INPCRD: s0-At2_C.rst                                                          
|  PARM: s0-At2_C.prmtop                                                       
|RESTRT: restrt                                                                
|  REFC: refc                                                                  
| MDVEL: mdvel                                                                 
| MDFRC: mdfrc                                                                 
|  MDEN: mden                                                                  
| MDCRD: mdcrd                                                                 
|MDINFO: ../data/amber/sander/s0-At2_C.min.summary.out                         
|  MTMD: mtmd                                                                  
|INPDIP: inpdip                                                                
|RSTDIP: rstdip                                                                
|INPTRA: inptraj                                                               


 Here is the input file:

One repetition                                                                 
&cntrl                                                                         
   imin=1, maxcyc=1, ntb=0, cut=9.0, ntpr=1, igb=5                             
/                                                                              

--------------------------------------------------------------------------------
   1.  RESOURCE   USE: 
--------------------------------------------------------------------------------

| Flags:                                                                        
| New format PARM file being parsed.
| Version =    1.000 Date = 03/19/25 Time = 00:49:30
 NATOM  =    4901 NTYPES =      14 NBONH =    2455 MBONA  =    2488
 NTHETH =    5593 MTHETA =    3363 NPHIH =   11202 MPHIA  =   10735
 NHPARM =       0 NPARM  =       0 NNB   =   27021 NRES   =     309
 NBONA  =    2488 NTHETA =    3363 NPHIA =   10735 NUMBND =      61
 NUMANG =     150 NPTRA  =     163 NATYP =      29 NPHB   =       0
 IFBOX  =       0 NMXRS  =      25 IFCAP =       0 NEXTRA =       0
 NCOPY  =       0

 Implicit solvent radii are modified Bondi radii (mbondi)                                                   
| CMAP information read from topology file: 

|     Memory Use     Allocated
|     Real             1119457
|     Hollerith          15014
|     Integer           294095
|     Max Pairs              1
|     nblistReal             0
|     nblist Int             0
|       Total             9953 kbytes

| Note: 1-4 EEL scale factors are being read from the topology file.

| Note: 1-4 VDW scale factors are being read from the topology file.
| Duplicated    0 dihedrals
| Duplicated    0 dihedrals
|CMAP: Reticulating splines.

--------------------------------------------------------------------------------
   2.  CONTROL  DATA  FOR  THE  RUN
--------------------------------------------------------------------------------

default_name                                                                    

General flags:
     imin    =       1, nmropt  =       0

Nature and format of input:
     ntx     =       1, irest   =       0, ntrx    =       1

Nature and format of output:
     ntxo    =       2, ntpr    =       1, ntrx    =       1, ntwr    =       1
     iwrap   =       0, ntwx    =       0, ntwv    =       0, ntwe    =       0
     ioutfm  =       1, ntwprt  =       0, idecomp =       0, rbornstat=      0

Potential function:
     ntf     =       1, ntb     =       0, igb     =       5, nsnb    =      25
     ipol    =       0, gbsa    =       0, iesp    =       0
     dielc   =   1.00000, cut     =   9.00000, intdiel =   1.00000
     saltcon =   0.00000, offset  =   0.09000, gbalpha=    1.00000
     gbbeta  =   0.80000, gbgamma =   4.85000, surften =   0.00500
     rdt     =   0.00000, rgbmax  =  25.00000  extdiel =  78.50000
     alpb  =        0

Frozen or restrained atoms:
     ibelly  =       0, ntr     =       0

Energy minimization:
     maxcyc  =       1, ncyc    =      10, ntmin   =       1
     dx0     =   0.01000, drms    =   0.00010
|  INFO: Old style inpcrd file read


--------------------------------------------------------------------------------
   3.  ATOMIC COORDINATES AND VELOCITIES
--------------------------------------------------------------------------------

default_name                                                                    
 begin time read from input coords =     0.000 ps

 Number of triangulated 3-point waters found:        0

--------------------------------------------------------------------------------
   4.  RESULTS
--------------------------------------------------------------------------------



   NSTEP       ENERGY          RMS            GMAX         NAME    NUMBER
      1      -1.3423E+04     5.4553E-01     6.2998E+00     CG       3674

 BOND    =      211.5801  ANGLE   =      589.1929  DIHED      =     1106.1501
 VDWAALS =    -2442.9503  EEL     =   -20306.4205  EGB        =    -5136.0811
 1-4 VDW =      928.5110  1-4 EEL =    11335.7904  RESTRAINT  =        0.0000
 CMAP    =      291.2062


  Maximum number of minimization cycles reached.


                    FINAL RESULTS



   NSTEP       ENERGY          RMS            GMAX         NAME    NUMBER
      1      -1.3423E+04     5.4553E-01     6.2998E+00     CG       3674

 BOND    =      211.5801  ANGLE   =      589.1929  DIHED      =     1106.1501
 VDWAALS =    -2442.9503  EEL     =   -20306.4205  EGB        =    -5136.0811
 1-4 VDW =      928.5110  1-4 EEL =    11335.7904  RESTRAINT  =        0.0000
 CMAP    =      291.2062

--------------------------------------------------------------------------------
   5.  TIMINGS
--------------------------------------------------------------------------------

|    Read coords time           0.00 ( 0.14% of Total)
|                Calc gb radii              0.47 (30.00% of Gen B)
|                Calc gb diag               0.93 (59.37% of Gen B)
|                Calc gb off-diag           0.17 (10.63% of Gen B)
|             Gen Born time              1.57 (100.0% of Nonbo)
|          Nonbond force              1.57 (98.81% of Force)
|          Bond/Angle/Dihedral        0.02 ( 1.18% of Force)
|          Other                      0.00 ( 0.01% of Force)
|       Force time                 1.59 (100.0% of Runmd)
|    Runmd Time                 1.59 (91.31% of Total)
|    Other                      0.15 ( 8.54% of Total)
| Total time                 1.74 (100.0% of ALL  )

| Number of list builds   :          0

| Highest rstack allocated:          0
| Highest istack allocated:          0
|           Job began  at 01:02:20.779  on 03/19/2025
|           Setup done at 01:02:20.917  on 03/19/2025
|           Run   done at 01:02:22.521  on 03/19/2025
|     wallclock() was called      46 times

|3D-RISM memory allocation summary
|Type          Maximum        Current   
|Integer       0.00000 GB     0.00000 GB
|Real          0.00000 GB     0.00000 GB
|Logical       0.00000 GB     0.00000 GB
|Character     0.00000 GB     0.00000 GB
|---------------------------------------
|Total         0.00000 GB     0.00000 GB
