
          -------------------------------------------------------
          Amber 24 SANDER                              2024
          -------------------------------------------------------

| Run on 03/18/2025 at 12:36:12

|   Executable path: sander
| Working directory: /home/victormello/Git/RuvB_Energetics/AmberScripts
|          Hostname: Unknown
  [-O]verwriting output

File Assignments:
|  MDIN: one_cycle.in                                                          
| MDOUT: ../data/amber/sander/s1t2_A.full.out                                  
|INPCRD: s1t2_A.inpcrd                                                         
|  PARM: s1t2_A.prmtop                                                         
|RESTRT: restrt                                                                
|  REFC: refc                                                                  
| MDVEL: mdvel                                                                 
| MDFRC: mdfrc                                                                 
|  MDEN: mden                                                                  
| MDCRD: mdcrd                                                                 
|MDINFO: ../data/amber/sander/s1t2_A.summary.out                               
|  MTMD: mtmd                                                                  
|INPDIP: inpdip                                                                
|RSTDIP: rstdip                                                                
|INPTRA: inptraj                                                               


 Here is the input file:

One repetition                                                                 
&cntrl                                                                         
   imin=1, maxcyc=1, ntb=0, cut=9.0, ntpr=1, igb=5                             
/                                                                              

--------------------------------------------------------------------------------
   1.  RESOURCE   USE: 
--------------------------------------------------------------------------------

| Flags:                                                                        
| New format PARM file being parsed.
| Version =    1.000 Date = 03/18/25 Time = 12:36:11
 NATOM  =    4877 NTYPES =      14 NBONH =    2442 MBONA  =    2477
 NTHETH =    5565 MTHETA =    3349 NPHIH =   11139 MPHIA  =   10701
 NHPARM =       0 NPARM  =       0 NNB   =   26893 NRES   =     308
 NBONA  =    2477 NTHETA =    3349 NPHIA =   10701 NUMBND =      60
 NUMANG =     145 NPTRA  =     163 NATYP =      29 NPHB   =       0
 IFBOX  =       0 NMXRS  =      24 IFCAP =       0 NEXTRA =       0
 NCOPY  =       0

 Implicit solvent radii are modified Bondi radii (mbondi)                                                   
| CMAP information read from topology file: 

|     Memory Use     Allocated
|     Real             1117417
|     Hollerith          14941
|     Integer           292824
|     Max Pairs              1
|     nblistReal             0
|     nblist Int             0
|       Total             9932 kbytes

| Note: 1-4 EEL scale factors are being read from the topology file.

| Note: 1-4 VDW scale factors are being read from the topology file.
| Duplicated    0 dihedrals
| Duplicated    0 dihedrals
|CMAP: Reticulating splines.

--------------------------------------------------------------------------------
   2.  CONTROL  DATA  FOR  THE  RUN
--------------------------------------------------------------------------------

default_name                                                                    

General flags:
     imin    =       1, nmropt  =       0

Nature and format of input:
     ntx     =       1, irest   =       0, ntrx    =       1

Nature and format of output:
     ntxo    =       2, ntpr    =       1, ntrx    =       1, ntwr    =       1
     iwrap   =       0, ntwx    =       0, ntwv    =       0, ntwe    =       0
     ioutfm  =       1, ntwprt  =       0, idecomp =       0, rbornstat=      0

Potential function:
     ntf     =       1, ntb     =       0, igb     =       5, nsnb    =      25
     ipol    =       0, gbsa    =       0, iesp    =       0
     dielc   =   1.00000, cut     =   9.00000, intdiel =   1.00000
     saltcon =   0.00000, offset  =   0.09000, gbalpha=    1.00000
     gbbeta  =   0.80000, gbgamma =   4.85000, surften =   0.00500
     rdt     =   0.00000, rgbmax  =  25.00000  extdiel =  78.50000
     alpb  =        0

Frozen or restrained atoms:
     ibelly  =       0, ntr     =       0

Energy minimization:
     maxcyc  =       1, ncyc    =      10, ntmin   =       1
     dx0     =   0.01000, drms    =   0.00010
|  INFO: Old style inpcrd file read


--------------------------------------------------------------------------------
   3.  ATOMIC COORDINATES AND VELOCITIES
--------------------------------------------------------------------------------

default_name                                                                    
 begin time read from input coords =     0.000 ps

 Number of triangulated 3-point waters found:        0

--------------------------------------------------------------------------------
   4.  RESULTS
--------------------------------------------------------------------------------



   NSTEP       ENERGY          RMS            GMAX         NAME    NUMBER
      1      -1.1716E+04     8.7923E+00     2.4896E+02     NH1      4642

 BOND    =      128.1400  ANGLE   =      507.2001  DIHED      =     1085.7034
 VDWAALS =    -1889.9885  EEL     =   -20340.5474  EGB        =    -4946.3835
 1-4 VDW =     1407.4212  1-4 EEL =    12046.5139  RESTRAINT  =        0.0000
 CMAP    =      285.6413


  Maximum number of minimization cycles reached.


                    FINAL RESULTS



   NSTEP       ENERGY          RMS            GMAX         NAME    NUMBER
      1      -1.1716E+04     8.7923E+00     2.4896E+02     NH1      4642

 BOND    =      128.1400  ANGLE   =      507.2001  DIHED      =     1085.7034
 VDWAALS =    -1889.9885  EEL     =   -20340.5474  EGB        =    -4946.3835
 1-4 VDW =     1407.4212  1-4 EEL =    12046.5139  RESTRAINT  =        0.0000
 CMAP    =      285.6413

--------------------------------------------------------------------------------
   5.  TIMINGS
--------------------------------------------------------------------------------

|    Read coords time           0.01 ( 0.58% of Total)
|                Calc gb radii              0.47 (30.21% of Gen B)
|                Calc gb diag               0.93 (59.20% of Gen B)
|                Calc gb off-diag           0.17 (10.60% of Gen B)
|             Gen Born time              1.56 (100.0% of Nonbo)
|          Nonbond force              1.56 (98.81% of Force)
|          Bond/Angle/Dihedral        0.02 ( 1.18% of Force)
|          Other                      0.00 ( 0.01% of Force)
|       Force time                 1.58 (100.0% of Runmd)
|    Runmd Time                 1.58 (91.30% of Total)
|    Other                      0.14 ( 8.12% of Total)
| Total time                 1.73 (100.0% of ALL  )

| Number of list builds   :          0

| Highest rstack allocated:          0
| Highest istack allocated:          0
|           Job began  at 12:36:12.317  on 03/18/2025
|           Setup done at 12:36:12.465  on 03/18/2025
|           Run   done at 12:36:14.049  on 03/18/2025
|     wallclock() was called      46 times

|3D-RISM memory allocation summary
|Type          Maximum        Current   
|Integer       0.00000 GB     0.00000 GB
|Real          0.00000 GB     0.00000 GB
|Logical       0.00000 GB     0.00000 GB
|Character     0.00000 GB     0.00000 GB
|---------------------------------------
|Total         0.00000 GB     0.00000 GB
