-I: Adding /home/victormello/Programs/amber24/dat/leap/prep to search path.
-I: Adding /home/victormello/Programs/amber24/dat/leap/lib to search path.
-I: Adding /home/victormello/Programs/amber24/dat/leap/parm to search path.
-I: Adding /home/victormello/Programs/amber24/dat/leap/cmd to search path.
-f: Source force_field_s2t2.txt.

Welcome to LEaP!
(no leaprc in search path)
Sourcing: ./force_field_s2t2.txt
----- Source: /home/victormello/Programs/amber24/dat/leap/cmd/leaprc.protein.ff19SB
----- Source of /home/victormello/Programs/amber24/dat/leap/cmd/leaprc.protein.ff19SB done
Log file: ./leap.log
Loading parameters: /home/victormello/Programs/amber24/dat/leap/parm/parm19.dat
Reading title:
PARM99 + frcmod.ff99SB + frcmod.parmbsc0 + OL3 for RNA + ff19SB
Loading parameters: /home/victormello/Programs/amber24/dat/leap/parm/frcmod.ff19SB
Reading force field modification type file (frcmod)
Reading title:
ff19SB AA-specific backbone CMAPs for protein 07/25/2019
Loading library: /home/victormello/Programs/amber24/dat/leap/lib/amino19.lib
Loading library: /home/victormello/Programs/amber24/dat/leap/lib/aminoct12.lib
Loading library: /home/victormello/Programs/amber24/dat/leap/lib/aminont12.lib
----- Source: /home/victormello/Programs/amber24/dat/leap/cmd/leaprc.water.opc
----- Source of /home/victormello/Programs/amber24/dat/leap/cmd/leaprc.water.opc done
Loading library: /home/victormello/Programs/amber24/dat/leap/lib/atomic_ions.lib
Loading library: /home/victormello/Programs/amber24/dat/leap/lib/solvents.lib
Loading parameters: /home/victormello/Programs/amber24/dat/leap/parm/frcmod.opc
Reading force field modification type file (frcmod)
Reading title:
Parameters for OPC water (JPCL, 2014, 5 (21), pp 3863-3871)
Loading parameters: /home/victormello/Programs/amber24/dat/leap/parm/frcmod.ionslm_126_opc
Reading force field modification type file (frcmod)
Reading title:
Li/Merz ion parameters of atomic ions for the OPC water model (12-6 set)
Loading PDB file: ../data/amber/pdb4amber/s2t2_A.amber.pdb
