
          -------------------------------------------------------
          Amber 24 SANDER                              2024
          -------------------------------------------------------

| Run on 03/18/2025 at 12:51:47

|   Executable path: sander
| Working directory: /home/victormello/Git/RuvB_Energetics/AmberScripts
|          Hostname: Unknown
  [-O]verwriting output

File Assignments:
|  MDIN: one_cycle.in                                                          
| MDOUT: ../data/amber/sander/s2t2_EFA.full.out                                
|INPCRD: s2t2_EFA.inpcrd                                                       
|  PARM: s2t2_EFA.prmtop                                                       
|RESTRT: restrt                                                                
|  REFC: refc                                                                  
| MDVEL: mdvel                                                                 
| MDFRC: mdfrc                                                                 
|  MDEN: mden                                                                  
| MDCRD: mdcrd                                                                 
|MDINFO: ../data/amber/sander/s2t2_EFA.summary.out                             
|  MTMD: mtmd                                                                  
|INPDIP: inpdip                                                                
|RSTDIP: rstdip                                                                
|INPTRA: inptraj                                                               


 Here is the input file:

One repetition                                                                 
&cntrl                                                                         
   imin=1, maxcyc=1, ntb=0, cut=9.0, ntpr=1, igb=5                             
/                                                                              

--------------------------------------------------------------------------------
   1.  RESOURCE   USE: 
--------------------------------------------------------------------------------

| Flags:                                                                        
| New format PARM file being parsed.
| Version =    1.000 Date = 03/18/25 Time = 12:51:39
 NATOM  =   14631 NTYPES =      14 NBONH =    7326 MBONA  =    7431
 NTHETH =   16695 MTHETA =   10047 NPHIH =   33417 MPHIA  =   32103
 NHPARM =       0 NPARM  =       0 NNB   =   80679 NRES   =     924
 NBONA  =    7431 NTHETA =   10047 NPHIA =   32103 NUMBND =      60
 NUMANG =     145 NPTRA  =     163 NATYP =      29 NPHB   =       0
 IFBOX  =       0 NMXRS  =      24 IFCAP =       0 NEXTRA =       0
 NCOPY  =       0

 Implicit solvent radii are modified Bondi radii (mbondi)                                                   
| CMAP information read from topology file: 

|     Memory Use     Allocated
|     Real             1946927
|     Hollerith          44819
|     Integer           838070
|     Max Pairs              1
|     nblistReal             0
|     nblist Int             0
|       Total            18659 kbytes

| Note: 1-4 EEL scale factors are being read from the topology file.

| Note: 1-4 VDW scale factors are being read from the topology file.
| Duplicated    0 dihedrals
| Duplicated    0 dihedrals
|CMAP: Reticulating splines.

--------------------------------------------------------------------------------
   2.  CONTROL  DATA  FOR  THE  RUN
--------------------------------------------------------------------------------

default_name                                                                    

General flags:
     imin    =       1, nmropt  =       0

Nature and format of input:
     ntx     =       1, irest   =       0, ntrx    =       1

Nature and format of output:
     ntxo    =       2, ntpr    =       1, ntrx    =       1, ntwr    =       1
     iwrap   =       0, ntwx    =       0, ntwv    =       0, ntwe    =       0
     ioutfm  =       1, ntwprt  =       0, idecomp =       0, rbornstat=      0

Potential function:
     ntf     =       1, ntb     =       0, igb     =       5, nsnb    =      25
     ipol    =       0, gbsa    =       0, iesp    =       0
     dielc   =   1.00000, cut     =   9.00000, intdiel =   1.00000
     saltcon =   0.00000, offset  =   0.09000, gbalpha=    1.00000
     gbbeta  =   0.80000, gbgamma =   4.85000, surften =   0.00500
     rdt     =   0.00000, rgbmax  =  25.00000  extdiel =  78.50000
     alpb  =        0

Frozen or restrained atoms:
     ibelly  =       0, ntr     =       0

Energy minimization:
     maxcyc  =       1, ncyc    =      10, ntmin   =       1
     dx0     =   0.01000, drms    =   0.00010
|  INFO: Old style inpcrd file read


--------------------------------------------------------------------------------
   3.  ATOMIC COORDINATES AND VELOCITIES
--------------------------------------------------------------------------------

default_name                                                                    
 begin time read from input coords =     0.000 ps

 Number of triangulated 3-point waters found:        0

--------------------------------------------------------------------------------
   4.  RESULTS
--------------------------------------------------------------------------------



   NSTEP       ENERGY          RMS            GMAX         NAME    NUMBER
      1      -3.5111E+04     8.3182E+00     2.5990E+02     NH1      4642

 BOND    =      366.8252  ANGLE   =     1520.2566  DIHED      =     3335.4814
 VDWAALS =    -5828.6852  EEL     =   -63459.7461  EGB        =   -12350.6921
 1-4 VDW =     4222.4322  1-4 EEL =    36217.3607  RESTRAINT  =        0.0000
 CMAP    =      865.4273


  Maximum number of minimization cycles reached.


                    FINAL RESULTS



   NSTEP       ENERGY          RMS            GMAX         NAME    NUMBER
      1      -3.5111E+04     8.3182E+00     2.5990E+02     NH1      4642

 BOND    =      366.8252  ANGLE   =     1520.2566  DIHED      =     3335.4814
 VDWAALS =    -5828.6852  EEL     =   -63459.7461  EGB        =   -12350.6921
 1-4 VDW =     4222.4322  1-4 EEL =    36217.3607  RESTRAINT  =        0.0000
 CMAP    =      865.4273

--------------------------------------------------------------------------------
   5.  TIMINGS
--------------------------------------------------------------------------------

|    Read coords time           0.03 ( 0.31% of Total)
|                Calc gb radii              2.61 (29.23% of Gen B)
|                Calc gb diag               5.24 (58.82% of Gen B)
|                Calc gb off-diag           1.06 (11.94% of Gen B)
|             Gen Born time              8.91 (100.0% of Nonbo)
|          Nonbond force              8.91 (99.38% of Force)
|          Bond/Angle/Dihedral        0.06 ( 0.62% of Force)
|       Force time                 8.97 (100.0% of Runmd)
|    Runmd Time                 8.97 (95.53% of Total)
|    Other                      0.39 ( 4.16% of Total)
| Total time                 9.39 (100.0% of ALL  )

| Number of list builds   :          0

| Highest rstack allocated:          0
| Highest istack allocated:          0
|           Job began  at 12:51:47.041  on 03/18/2025
|           Setup done at 12:51:47.456  on 03/18/2025
|           Run   done at 12:51:56.430  on 03/18/2025
|     wallclock() was called      46 times

|3D-RISM memory allocation summary
|Type          Maximum        Current   
|Integer       0.00000 GB     0.00000 GB
|Real          0.00000 GB     0.00000 GB
|Logical       0.00000 GB     0.00000 GB
|Character     0.00000 GB     0.00000 GB
|---------------------------------------
|Total         0.00000 GB     0.00000 GB
