-I: Adding /home/victormello/Programs/amber24/dat/leap/prep to search path.
-I: Adding /home/victormello/Programs/amber24/dat/leap/lib to search path.
-I: Adding /home/victormello/Programs/amber24/dat/leap/parm to search path.
-I: Adding /home/victormello/Programs/amber24/dat/leap/cmd to search path.
-f: Source force_field_s5t2.txt.

Welcome to LEaP!
(no leaprc in search path)
Sourcing: ./force_field_s5t2.txt
----- Source: /home/victormello/Programs/amber24/dat/leap/cmd/leaprc.protein.ff19SB
----- Source of /home/victormello/Programs/amber24/dat/leap/cmd/leaprc.protein.ff19SB done
Log file: ./leap.log
Loading parameters: /home/victormello/Programs/amber24/dat/leap/parm/parm19.dat
Reading title:
PARM99 + frcmod.ff99SB + frcmod.parmbsc0 + OL3 for RNA + ff19SB
Loading parameters: /home/victormello/Programs/amber24/dat/leap/parm/frcmod.ff19SB
Reading force field modification type file (frcmod)
Reading title:
ff19SB AA-specific backbone CMAPs for protein 07/25/2019
Loading library: /home/victormello/Programs/amber24/dat/leap/lib/amino19.lib
Loading library: /home/victormello/Programs/amber24/dat/leap/lib/aminoct12.lib
Loading library: /home/victormello/Programs/amber24/dat/leap/lib/aminont12.lib
----- Source: /home/victormello/Programs/amber24/dat/leap/cmd/leaprc.water.opc
----- Source of /home/victormello/Programs/amber24/dat/leap/cmd/leaprc.water.opc done
Loading library: /home/victormello/Programs/amber24/dat/leap/lib/atomic_ions.lib
Loading library: /home/victormello/Programs/amber24/dat/leap/lib/solvents.lib
Loading parameters: /home/victormello/Programs/amber24/dat/leap/parm/frcmod.opc
Reading force field modification type file (frcmod)
Reading title:
Parameters for OPC water (JPCL, 2014, 5 (21), pp 3863-3871)
Loading parameters: /home/victormello/Programs/amber24/dat/leap/parm/frcmod.ionslm_126_opc
Reading force field modification type file (frcmod)
Reading title:
Li/Merz ion parameters of atomic ions for the OPC water model (12-6 set)
Loading PDB file: ../data/amber/pdb4amber/s5t2_A.amber.pdb
  Added missing heavy atom: .R<CTHR 312>.A<OXT 15>
  total atoms in file: 2455
  Leap added 2458 missing atoms according to residue templates:
       1 Heavy
       2457 H / lone pairs
Loading PDB file: ../data/amber/pdb4amber/s5t2_B.amber.pdb
  Added missing heavy atom: .R<CTHR 312>.A<OXT 15>
  total atoms in file: 2455
  Leap added 2458 missing atoms according to residue templates:
       1 Heavy
       2457 H / lone pairs
Loading PDB file: ../data/amber/pdb4amber/s5t2_C.amber.pdb
  Added missing heavy atom: .R<CILE 118>.A<OXT 20>
  total atoms in file: 2445
  Leap added 2456 missing atoms according to residue templates:
       1 Heavy
       2455 H / lone pairs
Loading PDB file: ../data/amber/pdb4amber/s5t2_D.amber.pdb
  total atoms in file: 2467
  Leap added 2470 missing atoms according to residue templates:
       2470 H / lone pairs
Loading PDB file: ../data/amber/pdb4amber/s5t2_E.amber.pdb
  total atoms in file: 2456
  Leap added 2457 missing atoms according to residue templates:
       2457 H / lone pairs
Loading PDB file: ../data/amber/pdb4amber/s5t2_F.amber.pdb
  total atoms in file: 2456
  Leap added 2457 missing atoms according to residue templates:
       2457 H / lone pairs
Checking Unit.

/home/victormello/Programs/amber24/bin/teLeap: Warning!
The unperturbed charge of the unit (-17.000000) is not zero.

/home/victormello/Programs/amber24/bin/teLeap: Note.
Ignoring the warning from Unit Checking.

Building topology.
Building atom parameters.
Building bond parameters.
Building angle parameters.
Building proper torsion parameters.
Building improper torsion parameters.
 total 951 improper torsions applied
Building H-Bond parameters.
Incorporating Non-Bonded adjustments.
Not Marking per-residue atom chain types.
Marking per-residue atom chain types.
  (Residues lacking connect0/connect1 - 
   these don't have chain types marked:

	res	total affected

	CTHR	1
	NTHR	1
  )
 (no restraints)
Checking Unit.

/home/victormello/Programs/amber24/bin/teLeap: Warning!
The unperturbed charge of the unit (-17.000000) is not zero.

/home/victormello/Programs/amber24/bin/teLeap: Note.
Ignoring the warning from Unit Checking.

Building topology.
Building atom parameters.
Building bond parameters.
Building angle parameters.
Building proper torsion parameters.
Building improper torsion parameters.
 total 951 improper torsions applied
Building H-Bond parameters.
Incorporating Non-Bonded adjustments.
Not Marking per-residue atom chain types.
Marking per-residue atom chain types.
  (Residues lacking connect0/connect1 - 
   these don't have chain types marked:

	res	total affected

	CTHR	1
	NTHR	1
  )
 (no restraints)
Checking Unit.

/home/victormello/Programs/amber24/bin/teLeap: Warning!
The unperturbed charge of the unit (-15.000000) is not zero.

/home/victormello/Programs/amber24/bin/teLeap: Note.
Ignoring the warning from Unit Checking.

Building topology.
Building atom parameters.
Building bond parameters.
Building angle parameters.
Building proper torsion parameters.
Building improper torsion parameters.
 total 947 improper torsions applied
Building H-Bond parameters.
Incorporating Non-Bonded adjustments.
Not Marking per-residue atom chain types.
Marking per-residue atom chain types.
  (Residues lacking connect0/connect1 - 
   these don't have chain types marked:

	res	total affected

	CARG	1
	CILE	1
	NTHR	2
  )
 (no restraints)
Checking Unit.

/home/victormello/Programs/amber24/bin/teLeap: Warning!
The unperturbed charge of the unit (-16.000000) is not zero.

/home/victormello/Programs/amber24/bin/teLeap: Note.
Ignoring the warning from Unit Checking.

Building topology.
Building atom parameters.
Building bond parameters.
Building angle parameters.
Building proper torsion parameters.
Building improper torsion parameters.
 total 957 improper torsions applied
Building H-Bond parameters.
Incorporating Non-Bonded adjustments.
Not Marking per-residue atom chain types.
Marking per-residue atom chain types.
  (Residues lacking connect0/connect1 - 
   these don't have chain types marked:

	res	total affected

	CARG	1
	NTHR	1
  )
 (no restraints)
Checking Unit.

/home/victormello/Programs/amber24/bin/teLeap: Warning!
The unperturbed charge of the unit (-17.000000) is not zero.

/home/victormello/Programs/amber24/bin/teLeap: Note.
Ignoring the warning from Unit Checking.

Building topology.
Building atom parameters.
Building bond parameters.
Building angle parameters.
Building proper torsion parameters.
Building improper torsion parameters.
 total 951 improper torsions applied
Building H-Bond parameters.
Incorporating Non-Bonded adjustments.
Not Marking per-residue atom chain types.
Marking per-residue atom chain types.
  (Residues lacking connect0/connect1 - 
   these don't have chain types marked:

	res	total affected

	CTHR	1
	NTHR	1
  )
 (no restraints)
Checking Unit.

/home/victormello/Programs/amber24/bin/teLeap: Warning!
The unperturbed charge of the unit (-17.000000) is not zero.

/home/victormello/Programs/amber24/bin/teLeap: Note.
Ignoring the warning from Unit Checking.

Building topology.
Building atom parameters.
Building bond parameters.
Building angle parameters.
Building proper torsion parameters.
Building improper torsion parameters.
 total 951 improper torsions applied
Building H-Bond parameters.
Incorporating Non-Bonded adjustments.
Not Marking per-residue atom chain types.
Marking per-residue atom chain types.
  (Residues lacking connect0/connect1 - 
   these don't have chain types marked:

	res	total affected

	CTHR	1
	NTHR	1
  )
 (no restraints)
  Solute vdw bounding box:              56.716 77.034 87.896
  Total bounding box for atom centers:  76.716 97.034 107.896
  Solvent unit box:                     18.774 18.774 18.774
  Total vdw box size:                   79.112 100.113 111.012 angstroms.
  Volume: 879222.606 A^3 
  Total mass 610294.300 amu,  Density 1.153 g/cc
  Added 22216 residues.
Checking Unit.

/home/victormello/Programs/amber24/bin/teLeap: Warning!
The unperturbed charge of the unit (-99.000000) is not zero.

/home/victormello/Programs/amber24/bin/teLeap: Note.
Ignoring the warning from Unit Checking.

Building topology.
Building atom parameters.
Building bond parameters.
Building angle parameters.
Building proper torsion parameters.
Building improper torsion parameters.
 total 5708 improper torsions applied
Building H-Bond parameters.
Incorporating Non-Bonded adjustments.
Not Marking per-residue atom chain types.
Marking per-residue atom chain types.
  (Residues lacking connect0/connect1 - 
   these don't have chain types marked:

	res	total affected

	CARG	2
	CILE	1
	CTHR	4
	NTHR	7
	WAT	22216
  )
 (no restraints)
	Quit

Exiting LEaP: Errors = 0; Warnings = 7; Notes = 7.
